2011-06-16 21:53:06 Notice: Notice (1024): Please change the value of 'Security.salt' in app/config/core.php to a salt value specific to your application in [/Applications/MAMP/htdocs/smscanada/www/cake/libs/debugger.php, line 682]
2011-06-19 16:11:21 Notice: Notice (8): Undefined index:  added_date in [/Applications/MAMP/htdocs/smscanada/www/app/views/products/index.ctp, line 73]
2011-06-19 16:11:21 Notice: Notice (8): Undefined index:  changed_date in [/Applications/MAMP/htdocs/smscanada/www/app/views/products/index.ctp, line 76]
2011-06-19 16:31:00 Notice: Notice (8): Undefined index:  username in [/Applications/MAMP/htdocs/smscanada/www/app/controllers/users_controller.php, line 11]
2011-06-19 16:31:52 Notice: Notice (8): Undefined index:  User in [/Applications/MAMP/htdocs/smscanada/www/app/controllers/users_controller.php, line 11]
2011-06-19 16:32:05 Notice: Notice (8): Undefined index:  User in [/Applications/MAMP/htdocs/smscanada/www/app/controllers/users_controller.php, line 11]
2011-06-19 16:32:44 Notice: Notice (8): Undefined index:  User in [/Applications/MAMP/htdocs/smscanada/www/app/controllers/users_controller.php, line 11]
2011-06-19 16:33:05 Notice: Notice (8): Undefined index:  User in [/Applications/MAMP/htdocs/smscanada/www/app/controllers/users_controller.php, line 13]
2011-06-19 16:33:50 Notice: Notice (8): Undefined index:  User in [/Applications/MAMP/htdocs/smscanada/www/app/controllers/users_controller.php, line 13]
2011-06-19 16:42:22 Notice: Notice (8): Undefined property: View::$Session in [/Applications/MAMP/htdocs/smscanada/www/app/views/users/login.ctp, line 3]
2011-06-19 16:42:37 Notice: Notice (8): Undefined property: View::$Session in [/Applications/MAMP/htdocs/smscanada/www/app/views/users/login.ctp, line 3]
2011-06-19 16:42:40 Notice: Notice (8): Undefined property: View::$Session in [/Applications/MAMP/htdocs/smscanada/www/app/views/users/login.ctp, line 3]
2011-06-19 16:46:19 Notice: Notice (8): Undefined property: View::$session in [/Applications/MAMP/htdocs/smscanada/www/app/views/users/login.ctp, line 3]
2011-06-19 16:46:24 Notice: Notice (8): Undefined property: View::$Session in [/Applications/MAMP/htdocs/smscanada/www/app/views/users/login.ctp, line 3]
2011-06-19 16:46:40 Notice: Notice (8): Undefined property: View::$Session in [/Applications/MAMP/htdocs/smscanada/www/app/views/users/login.ctp, line 3]
2011-06-19 16:46:42 Notice: Notice (8): Undefined property: View::$Session in [/Applications/MAMP/htdocs/smscanada/www/app/views/users/login.ctp, line 3]
2011-06-19 16:47:05 Notice: Notice (8): Undefined property: View::$Session in [/Applications/MAMP/htdocs/smscanada/www/app/views/users/login.ctp, line 3]
2011-06-19 16:49:39 Notice: Notice (8): Undefined property: View::$Session in [/Applications/MAMP/htdocs/smscanada/www/app/views/users/login.ctp, line 3]
2011-06-19 16:50:13 Notice: Notice (8): Undefined property: View::$Form in [/Applications/MAMP/htdocs/smscanada/www/app/views/users/login.ctp, line 4]
2011-06-19 16:50:49 Notice: Notice (8): Undefined property: View::$Form in [/Applications/MAMP/htdocs/smscanada/www/app/views/users/login.ctp, line 4]
2011-06-19 16:50:59 Notice: Notice (8): Undefined property: View::$Form in [/Applications/MAMP/htdocs/smscanada/www/app/views/users/login.ctp, line 4]
2011-06-19 16:54:08 Notice: Notice (8): Undefined variable: data in [/Applications/MAMP/htdocs/smscanada/www/app/controllers/users_controller.php, line 16]
2011-06-19 18:53:03 Notice: Notice (8): Undefined property: View::$controller in [/Applications/MAMP/htdocs/smscanada/www/app/views/layouts/default.thtml, line 66]
2011-06-19 18:53:03 Notice: Notice (8): Trying to get property of non-object in [/Applications/MAMP/htdocs/smscanada/www/app/views/layouts/default.thtml, line 66]
2011-06-19 18:53:04 Notice: Notice (8): Undefined property: View::$controller in [/Applications/MAMP/htdocs/smscanada/www/app/views/layouts/default.thtml, line 66]
2011-06-19 18:53:04 Notice: Notice (8): Trying to get property of non-object in [/Applications/MAMP/htdocs/smscanada/www/app/views/layouts/default.thtml, line 66]
2011-06-19 18:53:04 Notice: Notice (8): Undefined property: View::$controller in [/Applications/MAMP/htdocs/smscanada/www/app/views/layouts/default.thtml, line 66]
2011-06-19 18:53:04 Notice: Notice (8): Trying to get property of non-object in [/Applications/MAMP/htdocs/smscanada/www/app/views/layouts/default.thtml, line 66]
2011-06-19 18:53:34 Notice: Notice (8): Undefined property: View::$controller in [/Applications/MAMP/htdocs/smscanada/www/app/views/layouts/default.thtml, line 66]
2011-06-19 18:53:34 Notice: Notice (8): Trying to get property of non-object in [/Applications/MAMP/htdocs/smscanada/www/app/views/layouts/default.thtml, line 66]
2011-06-19 18:53:34 Notice: Notice (8): Undefined property: View::$controller in [/Applications/MAMP/htdocs/smscanada/www/app/views/layouts/default.thtml, line 66]
2011-06-19 18:53:34 Notice: Notice (8): Undefined property: View::$controller in [/Applications/MAMP/htdocs/smscanada/www/app/views/layouts/default.thtml, line 66]
2011-06-19 18:53:34 Notice: Notice (8): Trying to get property of non-object in [/Applications/MAMP/htdocs/smscanada/www/app/views/layouts/default.thtml, line 66]
2011-06-19 18:53:34 Notice: Notice (8): Trying to get property of non-object in [/Applications/MAMP/htdocs/smscanada/www/app/views/layouts/default.thtml, line 66]
2011-06-19 18:54:38 Notice: Notice (8): Undefined property: View::$controller in [/Applications/MAMP/htdocs/smscanada/www/app/views/layouts/default.thtml, line 66]
2011-06-19 18:54:38 Notice: Notice (8): Trying to get property of non-object in [/Applications/MAMP/htdocs/smscanada/www/app/views/layouts/default.thtml, line 66]
2011-06-19 18:54:38 Notice: Notice (8): Undefined property: View::$controller in [/Applications/MAMP/htdocs/smscanada/www/app/views/layouts/default.thtml, line 66]
2011-06-19 18:54:38 Notice: Notice (8): Trying to get property of non-object in [/Applications/MAMP/htdocs/smscanada/www/app/views/layouts/default.thtml, line 66]
2011-06-19 18:54:38 Notice: Notice (8): Undefined property: View::$controller in [/Applications/MAMP/htdocs/smscanada/www/app/views/layouts/default.thtml, line 66]
2011-06-19 18:54:38 Notice: Notice (8): Trying to get property of non-object in [/Applications/MAMP/htdocs/smscanada/www/app/views/layouts/default.thtml, line 66]
2011-06-19 18:54:40 Notice: Notice (8): Undefined property: View::$controller in [/Applications/MAMP/htdocs/smscanada/www/app/views/layouts/default.thtml, line 66]
2011-06-19 18:54:40 Notice: Notice (8): Trying to get property of non-object in [/Applications/MAMP/htdocs/smscanada/www/app/views/layouts/default.thtml, line 66]
2011-06-19 18:54:40 Notice: Notice (8): Undefined property: View::$controller in [/Applications/MAMP/htdocs/smscanada/www/app/views/layouts/default.thtml, line 66]
2011-06-19 18:54:40 Notice: Notice (8): Trying to get property of non-object in [/Applications/MAMP/htdocs/smscanada/www/app/views/layouts/default.thtml, line 66]
2011-06-19 18:54:40 Notice: Notice (8): Undefined property: View::$controller in [/Applications/MAMP/htdocs/smscanada/www/app/views/layouts/default.thtml, line 66]
2011-06-19 18:54:40 Notice: Notice (8): Trying to get property of non-object in [/Applications/MAMP/htdocs/smscanada/www/app/views/layouts/default.thtml, line 66]
2011-06-19 18:54:41 Notice: Notice (8): Undefined property: View::$controller in [/Applications/MAMP/htdocs/smscanada/www/app/views/layouts/default.thtml, line 66]
2011-06-19 18:54:41 Notice: Notice (8): Trying to get property of non-object in [/Applications/MAMP/htdocs/smscanada/www/app/views/layouts/default.thtml, line 66]
2011-06-19 18:54:41 Notice: Notice (8): Undefined property: View::$controller in [/Applications/MAMP/htdocs/smscanada/www/app/views/layouts/default.thtml, line 66]
2011-06-19 18:54:41 Notice: Notice (8): Trying to get property of non-object in [/Applications/MAMP/htdocs/smscanada/www/app/views/layouts/default.thtml, line 66]
2011-06-19 18:54:41 Notice: Notice (8): Undefined property: View::$controller in [/Applications/MAMP/htdocs/smscanada/www/app/views/layouts/default.thtml, line 66]
2011-06-19 18:54:41 Notice: Notice (8): Trying to get property of non-object in [/Applications/MAMP/htdocs/smscanada/www/app/views/layouts/default.thtml, line 66]
2011-06-19 18:54:42 Notice: Notice (8): Undefined property: View::$controller in [/Applications/MAMP/htdocs/smscanada/www/app/views/layouts/default.thtml, line 66]
2011-06-19 18:54:42 Notice: Notice (8): Trying to get property of non-object in [/Applications/MAMP/htdocs/smscanada/www/app/views/layouts/default.thtml, line 66]
2011-06-19 18:54:46 Notice: Notice (8): Undefined property: View::$controller in [/Applications/MAMP/htdocs/smscanada/www/app/views/layouts/default.thtml, line 66]
2011-06-19 18:54:46 Notice: Notice (8): Trying to get property of non-object in [/Applications/MAMP/htdocs/smscanada/www/app/views/layouts/default.thtml, line 66]
2011-06-19 18:54:46 Notice: Notice (8): Undefined property: View::$controller in [/Applications/MAMP/htdocs/smscanada/www/app/views/layouts/default.thtml, line 66]
2011-06-19 18:54:46 Notice: Notice (8): Trying to get property of non-object in [/Applications/MAMP/htdocs/smscanada/www/app/views/layouts/default.thtml, line 66]
2011-06-19 18:54:46 Notice: Notice (8): Undefined property: View::$controller in [/Applications/MAMP/htdocs/smscanada/www/app/views/layouts/default.thtml, line 66]
2011-06-19 18:54:46 Notice: Notice (8): Trying to get property of non-object in [/Applications/MAMP/htdocs/smscanada/www/app/views/layouts/default.thtml, line 66]
2011-06-19 18:55:29 Notice: Notice (8): Undefined property: View::$controller in [/Applications/MAMP/htdocs/smscanada/www/app/views/layouts/default.thtml, line 66]
2011-06-19 18:55:29 Notice: Notice (8): Trying to get property of non-object in [/Applications/MAMP/htdocs/smscanada/www/app/views/layouts/default.thtml, line 66]
2011-06-19 18:55:35 Notice: Notice (8): Undefined property: View::$controller in [/Applications/MAMP/htdocs/smscanada/www/app/views/layouts/default.thtml, line 66]
2011-06-19 18:55:35 Notice: Notice (8): Trying to get property of non-object in [/Applications/MAMP/htdocs/smscanada/www/app/views/layouts/default.thtml, line 66]
2011-06-19 18:55:35 Notice: Notice (8): Undefined property: View::$controller in [/Applications/MAMP/htdocs/smscanada/www/app/views/layouts/default.thtml, line 66]
2011-06-19 18:55:35 Notice: Notice (8): Trying to get property of non-object in [/Applications/MAMP/htdocs/smscanada/www/app/views/layouts/default.thtml, line 66]
2011-06-19 19:43:50 Notice: Notice (8): Undefined index:  image_path in [/Applications/MAMP/htdocs/smscanada/www/app/views/products/index.ctp, line 63]
2011-06-19 19:51:06 Notice: Notice (8): Undefined index:  image_path in [/Applications/MAMP/htdocs/smscanada/www/app/views/products/admin_index.ctp, line 63]
2011-06-19 19:57:00 Notice: Notice (8): Undefined index:  image_path in [/Applications/MAMP/htdocs/smscanada/www/app/views/products/admin_index.ctp, line 63]
2011-06-19 20:07:47 Notice: Notice (8): Undefined property: View::$Product in [/Applications/MAMP/htdocs/smscanada/www/app/views/products/showlist.ctp, line 9]
2011-06-19 20:08:03 Notice: Notice (8): Undefined property: View::$Product in [/Applications/MAMP/htdocs/smscanada/www/app/views/products/showlist.ctp, line 6]
2011-06-19 20:08:18 Notice: Notice (8): Undefined property: View::$products in [/Applications/MAMP/htdocs/smscanada/www/app/views/products/showlist.ctp, line 6]
2011-06-19 20:08:18 Notice: Notice (8): Trying to get property of non-object in [/Applications/MAMP/htdocs/smscanada/www/app/views/products/showlist.ctp, line 6]
2011-06-19 20:08:24 Notice: Notice (8): Undefined property: View::$viewvars in [/Applications/MAMP/htdocs/smscanada/www/app/views/products/showlist.ctp, line 6]
2011-06-19 20:08:24 Notice: Notice (8): Trying to get property of non-object in [/Applications/MAMP/htdocs/smscanada/www/app/views/products/showlist.ctp, line 6]
2011-06-19 20:09:03 Notice: Notice (8): Undefined property: View::$products in [/Applications/MAMP/htdocs/smscanada/www/app/views/products/showlist.ctp, line 6]
2011-06-19 20:09:14 Notice: Notice (8): Undefined property: View::$products in [/Applications/MAMP/htdocs/smscanada/www/app/views/products/showlist.ctp, line 5]
2011-06-19 20:09:14 Notice: Notice (8): Undefined property: View::$products in [/Applications/MAMP/htdocs/smscanada/www/app/views/products/showlist.ctp, line 7]
2011-06-19 20:09:19 Notice: Notice (8): Undefined property: View::$products in [/Applications/MAMP/htdocs/smscanada/www/app/views/products/showlist.ctp, line 7]
2011-06-19 20:10:35 Notice: Notice (8): Undefined index:  parts_number in [/Applications/MAMP/htdocs/smscanada/www/app/views/products/showlist.ctp, line 8]
2011-06-19 20:13:26 Notice: Notice (8): Undefined index:  parts_number in [/Applications/MAMP/htdocs/smscanada/www/app/views/products/showlist.ctp, line 4]
2011-06-19 20:13:31 Notice: Notice (8): Undefined index:  parts_number in [/Applications/MAMP/htdocs/smscanada/www/app/views/products/showlist.ctp, line 4]
2011-06-19 20:13:54 Notice: Notice (8): Undefined index:  parts_number in [/Applications/MAMP/htdocs/smscanada/www/app/views/products/showlist.ctp, line 4]
2011-06-19 20:15:14 Notice: Notice (8): Undefined index:  Product in [/Applications/MAMP/htdocs/smscanada/www/app/views/products/showlist.ctp, line 4]
2011-06-19 20:15:21 Notice: Notice (8): Undefined index:  parts_number in [/Applications/MAMP/htdocs/smscanada/www/app/views/products/showlist.ctp, line 4]
2011-06-19 20:15:40 Notice: Notice (8): Undefined index:  parts_number in [/Applications/MAMP/htdocs/smscanada/www/app/views/products/showlist.ctp, line 4]
2011-06-19 20:15:40 Notice: Notice (8): Undefined index:  name in [/Applications/MAMP/htdocs/smscanada/www/app/views/products/showlist.ctp, line 5]
2011-06-19 20:16:01 Notice: Notice (8): Undefined index:  parts_number in [/Applications/MAMP/htdocs/smscanada/www/app/views/products/showlist.ctp, line 10]
2011-06-19 20:16:01 Notice: Notice (8): Undefined index:  name in [/Applications/MAMP/htdocs/smscanada/www/app/views/products/showlist.ctp, line 11]
2011-06-19 20:16:24 Notice: Notice (8): Trying to get property of non-object in [/Applications/MAMP/htdocs/smscanada/www/app/views/products/showlist.ctp, line 10]
2011-06-19 20:16:24 Notice: Notice (8): Undefined index:  name in [/Applications/MAMP/htdocs/smscanada/www/app/views/products/showlist.ctp, line 11]
2011-06-19 20:16:30 Notice: Notice (8): Undefined index:  parts_number in [/Applications/MAMP/htdocs/smscanada/www/app/views/products/showlist.ctp, line 10]
2011-06-19 20:16:30 Notice: Notice (8): Undefined index:  name in [/Applications/MAMP/htdocs/smscanada/www/app/views/products/showlist.ctp, line 11]
2011-06-19 20:17:35 Notice: Notice (8): Undefined variable: product in [/Applications/MAMP/htdocs/smscanada/www/app/views/products/showlist.ctp, line 4]
2011-06-19 20:17:35 Notice: Notice (8): Undefined index:  parts_number in [/Applications/MAMP/htdocs/smscanada/www/app/views/products/showlist.ctp, line 16]
2011-06-19 20:17:35 Notice: Notice (8): Undefined index:  name in [/Applications/MAMP/htdocs/smscanada/www/app/views/products/showlist.ctp, line 17]
2011-06-19 20:17:42 Notice: Notice (8): Undefined index:  parts_number in [/Applications/MAMP/htdocs/smscanada/www/app/views/products/showlist.ctp, line 16]
2011-06-19 20:17:42 Notice: Notice (8): Undefined index:  name in [/Applications/MAMP/htdocs/smscanada/www/app/views/products/showlist.ctp, line 17]
2011-06-19 20:18:01 Notice: Notice (8): Uninitialized string offset: 0 in [/Applications/MAMP/htdocs/smscanada/www/app/views/products/showlist.ctp, line 16]
2011-06-19 20:18:01 Notice: Notice (8): Uninitialized string offset: 0 in [/Applications/MAMP/htdocs/smscanada/www/app/views/products/showlist.ctp, line 17]
2011-06-19 20:18:23 Notice: Notice (8): Uninitialized string offset: 0 in [/Applications/MAMP/htdocs/smscanada/www/app/views/products/showlist.ctp, line 10]
2011-06-19 20:18:23 Notice: Notice (8): Uninitialized string offset: 0 in [/Applications/MAMP/htdocs/smscanada/www/app/views/products/showlist.ctp, line 11]
2011-06-19 20:18:59 Notice: Notice (8): Uninitialized string offset: 0 in [/Applications/MAMP/htdocs/smscanada/www/app/views/products/showlist.ctp, line 10]
2011-06-19 20:18:59 Notice: Notice (8): Uninitialized string offset: 0 in [/Applications/MAMP/htdocs/smscanada/www/app/views/products/showlist.ctp, line 11]
2011-06-19 20:19:02 Notice: Notice (8): Uninitialized string offset: 0 in [/Applications/MAMP/htdocs/smscanada/www/app/views/products/showlist.ctp, line 10]
2011-06-19 20:19:02 Notice: Notice (8): Uninitialized string offset: 0 in [/Applications/MAMP/htdocs/smscanada/www/app/views/products/showlist.ctp, line 11]
2011-06-19 20:19:13 Notice: Notice (8): Uninitialized string offset: 0 in [/Applications/MAMP/htdocs/smscanada/www/app/views/products/showlist.ctp, line 10]
2011-06-19 20:19:13 Notice: Notice (8): Uninitialized string offset: 0 in [/Applications/MAMP/htdocs/smscanada/www/app/views/products/showlist.ctp, line 11]
2011-06-19 20:19:32 Notice: Notice (8): Undefined index:  Product in [/Applications/MAMP/htdocs/smscanada/www/app/views/products/showlist.ctp, line 9]
2011-06-19 20:19:53 Notice: Notice (8): Undefined index:  Product in [/Applications/MAMP/htdocs/smscanada/www/app/views/products/showlist.ctp, line 9]
2011-06-19 20:20:07 Notice: Notice (8): Undefined index:  Product in [/Applications/MAMP/htdocs/smscanada/www/app/views/products/showlist.ctp, line 9]
2011-06-19 20:24:06 Notice: Notice (8): Use of undefined constant php - assumed 'php' in [/Applications/MAMP/htdocs/smscanada/www/app/views/products/showlist.ctp, line 6]
2011-06-19 21:09:32 Notice: Notice (8): Undefined property: View::$Html in [/Applications/MAMP/htdocs/smscanada/www/app/views/layouts/admin.ctp, line 49]
2011-06-19 22:20:23 Notice: Notice (8): Undefined index:  name in [/Applications/MAMP/htdocs/smscanada/www/app/views/elements/categories.ctp, line 14]
2011-06-19 22:25:28 Notice: Notice (8): Undefined index:  name in [/Applications/MAMP/htdocs/smscanada/www/app/views/elements/categories.ctp, line 13]
2011-06-19 22:25:31 Notice: Notice (8): Undefined index:  name in [/Applications/MAMP/htdocs/smscanada/www/app/views/elements/categories.ctp, line 13]
2011-09-16 19:51:24 Notice: Notice (8): Undefined property: View::$Form in [/Users/mathias/Sites/smscanada_php/www/app/views/users/register.ctp, line 2]
2011-09-16 20:51:04 Notice: Notice (8): Undefined property: ProductsController::$Products in [/Users/mathias/Sites/smscanada_php/www/app/controllers/products_controller.php, line 22]
2011-09-16 20:51:18 Notice: Notice (8): Undefined property: ProductsController::$Products in [/Users/mathias/Sites/smscanada_php/www/app/controllers/products_controller.php, line 22]
2011-09-16 20:55:53 Notice: Notice (8): Undefined variable: Products in [/Users/mathias/Sites/smscanada_php/www/app/views/products/view.ctp, line 12]
2011-09-16 20:55:53 Notice: Notice (8): Undefined variable: product in [/Users/mathias/Sites/smscanada_php/www/app/views/products/view.ctp, line 20]
2011-09-16 20:55:53 Notice: Notice (8): Undefined variable: product in [/Users/mathias/Sites/smscanada_php/www/app/views/products/view.ctp, line 25]
2011-09-16 20:55:53 Notice: Notice (8): Undefined variable: product in [/Users/mathias/Sites/smscanada_php/www/app/views/products/view.ctp, line 30]
2011-09-16 20:55:53 Notice: Notice (8): Undefined variable: product in [/Users/mathias/Sites/smscanada_php/www/app/views/products/view.ctp, line 35]
2011-09-16 20:55:53 Notice: Notice (8): Undefined variable: product in [/Users/mathias/Sites/smscanada_php/www/app/views/products/view.ctp, line 40]
2011-09-16 20:55:53 Notice: Notice (8): Undefined variable: product in [/Users/mathias/Sites/smscanada_php/www/app/views/products/view.ctp, line 45]
2011-09-16 20:55:53 Notice: Notice (8): Undefined variable: product in [/Users/mathias/Sites/smscanada_php/www/app/views/products/view.ctp, line 50]
2011-09-16 20:55:53 Notice: Notice (8): Undefined variable: product in [/Users/mathias/Sites/smscanada_php/www/app/views/products/view.ctp, line 55]
2011-09-16 20:55:53 Notice: Notice (8): Undefined variable: product in [/Users/mathias/Sites/smscanada_php/www/app/views/products/view.ctp, line 60]
2011-09-16 20:55:53 Notice: Notice (8): Undefined variable: product in [/Users/mathias/Sites/smscanada_php/www/app/views/products/view.ctp, line 66]
2011-09-16 20:55:53 Notice: Notice (8): Undefined variable: product in [/Users/mathias/Sites/smscanada_php/www/app/views/products/view.ctp, line 71]
2011-09-16 20:55:53 Notice: Notice (8): Undefined variable: product in [/Users/mathias/Sites/smscanada_php/www/app/views/products/view.ctp, line 76]
2011-09-16 20:55:53 Notice: Notice (8): Undefined variable: product in [/Users/mathias/Sites/smscanada_php/www/app/views/products/view.ctp, line 81]
2011-09-16 20:59:26 Notice: Notice (8): Undefined variable: Products in [/Users/mathias/Sites/smscanada_php/www/app/views/products/view.ctp, line 12]
2011-09-16 20:59:26 Notice: Notice (8): Undefined variable: product in [/Users/mathias/Sites/smscanada_php/www/app/views/products/view.ctp, line 20]
2011-09-16 20:59:26 Notice: Notice (8): Undefined variable: product in [/Users/mathias/Sites/smscanada_php/www/app/views/products/view.ctp, line 25]
2011-09-16 20:59:26 Notice: Notice (8): Undefined variable: product in [/Users/mathias/Sites/smscanada_php/www/app/views/products/view.ctp, line 30]
2011-09-16 20:59:26 Notice: Notice (8): Undefined variable: product in [/Users/mathias/Sites/smscanada_php/www/app/views/products/view.ctp, line 35]
2011-09-16 20:59:26 Notice: Notice (8): Undefined variable: product in [/Users/mathias/Sites/smscanada_php/www/app/views/products/view.ctp, line 40]
2011-09-16 20:59:26 Notice: Notice (8): Undefined variable: product in [/Users/mathias/Sites/smscanada_php/www/app/views/products/view.ctp, line 45]
2011-09-16 20:59:26 Notice: Notice (8): Undefined variable: product in [/Users/mathias/Sites/smscanada_php/www/app/views/products/view.ctp, line 50]
2011-09-16 20:59:26 Notice: Notice (8): Undefined variable: product in [/Users/mathias/Sites/smscanada_php/www/app/views/products/view.ctp, line 55]
2011-09-16 20:59:26 Notice: Notice (8): Undefined variable: product in [/Users/mathias/Sites/smscanada_php/www/app/views/products/view.ctp, line 60]
2011-09-16 20:59:26 Notice: Notice (8): Undefined variable: product in [/Users/mathias/Sites/smscanada_php/www/app/views/products/view.ctp, line 66]
2011-09-16 20:59:26 Notice: Notice (8): Undefined variable: product in [/Users/mathias/Sites/smscanada_php/www/app/views/products/view.ctp, line 71]
2011-09-16 20:59:26 Notice: Notice (8): Undefined variable: product in [/Users/mathias/Sites/smscanada_php/www/app/views/products/view.ctp, line 76]
2011-09-16 20:59:26 Notice: Notice (8): Undefined variable: product in [/Users/mathias/Sites/smscanada_php/www/app/views/products/view.ctp, line 81]
2011-09-16 20:59:28 Notice: Notice (8): Undefined variable: Products in [/Users/mathias/Sites/smscanada_php/www/app/views/products/view.ctp, line 12]
2011-09-16 20:59:28 Notice: Notice (8): Undefined variable: product in [/Users/mathias/Sites/smscanada_php/www/app/views/products/view.ctp, line 20]
2011-09-16 20:59:28 Notice: Notice (8): Undefined variable: product in [/Users/mathias/Sites/smscanada_php/www/app/views/products/view.ctp, line 25]
2011-09-16 20:59:28 Notice: Notice (8): Undefined variable: product in [/Users/mathias/Sites/smscanada_php/www/app/views/products/view.ctp, line 30]
2011-09-16 20:59:28 Notice: Notice (8): Undefined variable: product in [/Users/mathias/Sites/smscanada_php/www/app/views/products/view.ctp, line 35]
2011-09-16 20:59:28 Notice: Notice (8): Undefined variable: product in [/Users/mathias/Sites/smscanada_php/www/app/views/products/view.ctp, line 40]
2011-09-16 20:59:28 Notice: Notice (8): Undefined variable: product in [/Users/mathias/Sites/smscanada_php/www/app/views/products/view.ctp, line 45]
2011-09-16 20:59:28 Notice: Notice (8): Undefined variable: product in [/Users/mathias/Sites/smscanada_php/www/app/views/products/view.ctp, line 50]
2011-09-16 20:59:28 Notice: Notice (8): Undefined variable: product in [/Users/mathias/Sites/smscanada_php/www/app/views/products/view.ctp, line 55]
2011-09-16 20:59:28 Notice: Notice (8): Undefined variable: product in [/Users/mathias/Sites/smscanada_php/www/app/views/products/view.ctp, line 60]
2011-09-16 20:59:28 Notice: Notice (8): Undefined variable: product in [/Users/mathias/Sites/smscanada_php/www/app/views/products/view.ctp, line 66]
2011-09-16 20:59:28 Notice: Notice (8): Undefined variable: product in [/Users/mathias/Sites/smscanada_php/www/app/views/products/view.ctp, line 71]
2011-09-16 20:59:28 Notice: Notice (8): Undefined variable: product in [/Users/mathias/Sites/smscanada_php/www/app/views/products/view.ctp, line 76]
2011-09-16 20:59:28 Notice: Notice (8): Undefined variable: product in [/Users/mathias/Sites/smscanada_php/www/app/views/products/view.ctp, line 81]
2011-09-16 21:02:25 Notice: Notice (8): Undefined variable: Products in [/Users/mathias/Sites/smscanada_php/www/app/views/products/view.ctp, line 12]
2011-09-16 21:02:25 Notice: Notice (8): Undefined variable: product in [/Users/mathias/Sites/smscanada_php/www/app/views/products/view.ctp, line 20]
2011-09-16 21:02:25 Notice: Notice (8): Undefined variable: product in [/Users/mathias/Sites/smscanada_php/www/app/views/products/view.ctp, line 25]
2011-09-16 21:02:25 Notice: Notice (8): Undefined variable: product in [/Users/mathias/Sites/smscanada_php/www/app/views/products/view.ctp, line 30]
2011-09-16 21:02:25 Notice: Notice (8): Undefined variable: product in [/Users/mathias/Sites/smscanada_php/www/app/views/products/view.ctp, line 35]
2011-09-16 21:02:25 Notice: Notice (8): Undefined variable: product in [/Users/mathias/Sites/smscanada_php/www/app/views/products/view.ctp, line 40]
2011-09-16 21:02:25 Notice: Notice (8): Undefined variable: product in [/Users/mathias/Sites/smscanada_php/www/app/views/products/view.ctp, line 45]
2011-09-16 21:02:25 Notice: Notice (8): Undefined variable: product in [/Users/mathias/Sites/smscanada_php/www/app/views/products/view.ctp, line 50]
2011-09-16 21:02:25 Notice: Notice (8): Undefined variable: product in [/Users/mathias/Sites/smscanada_php/www/app/views/products/view.ctp, line 55]
2011-09-16 21:02:25 Notice: Notice (8): Undefined variable: product in [/Users/mathias/Sites/smscanada_php/www/app/views/products/view.ctp, line 60]
2011-09-16 21:02:25 Notice: Notice (8): Undefined variable: product in [/Users/mathias/Sites/smscanada_php/www/app/views/products/view.ctp, line 66]
2011-09-16 21:02:25 Notice: Notice (8): Undefined variable: product in [/Users/mathias/Sites/smscanada_php/www/app/views/products/view.ctp, line 71]
2011-09-16 21:02:25 Notice: Notice (8): Undefined variable: product in [/Users/mathias/Sites/smscanada_php/www/app/views/products/view.ctp, line 76]
2011-09-16 21:02:25 Notice: Notice (8): Undefined variable: product in [/Users/mathias/Sites/smscanada_php/www/app/views/products/view.ctp, line 81]
2011-09-16 21:02:51 Notice: Notice (8): Undefined variable: Products in [/Users/mathias/Sites/smscanada_php/www/app/views/products/view.ctp, line 12]
2011-09-16 21:02:51 Notice: Notice (8): Undefined variable: product in [/Users/mathias/Sites/smscanada_php/www/app/views/products/view.ctp, line 20]
2011-09-16 21:02:51 Notice: Notice (8): Undefined variable: product in [/Users/mathias/Sites/smscanada_php/www/app/views/products/view.ctp, line 25]
2011-09-16 21:02:51 Notice: Notice (8): Undefined variable: product in [/Users/mathias/Sites/smscanada_php/www/app/views/products/view.ctp, line 30]
2011-09-16 21:02:51 Notice: Notice (8): Undefined variable: product in [/Users/mathias/Sites/smscanada_php/www/app/views/products/view.ctp, line 35]
2011-09-16 21:02:51 Notice: Notice (8): Undefined variable: product in [/Users/mathias/Sites/smscanada_php/www/app/views/products/view.ctp, line 40]
2011-09-16 21:02:51 Notice: Notice (8): Undefined variable: product in [/Users/mathias/Sites/smscanada_php/www/app/views/products/view.ctp, line 45]
2011-09-16 21:02:51 Notice: Notice (8): Undefined variable: product in [/Users/mathias/Sites/smscanada_php/www/app/views/products/view.ctp, line 50]
2011-09-16 21:02:51 Notice: Notice (8): Undefined variable: product in [/Users/mathias/Sites/smscanada_php/www/app/views/products/view.ctp, line 55]
2011-09-16 21:02:51 Notice: Notice (8): Undefined variable: product in [/Users/mathias/Sites/smscanada_php/www/app/views/products/view.ctp, line 60]
2011-09-16 21:02:51 Notice: Notice (8): Undefined variable: product in [/Users/mathias/Sites/smscanada_php/www/app/views/products/view.ctp, line 66]
2011-09-16 21:02:51 Notice: Notice (8): Undefined variable: product in [/Users/mathias/Sites/smscanada_php/www/app/views/products/view.ctp, line 71]
2011-09-16 21:02:51 Notice: Notice (8): Undefined variable: product in [/Users/mathias/Sites/smscanada_php/www/app/views/products/view.ctp, line 76]
2011-09-16 21:02:51 Notice: Notice (8): Undefined variable: product in [/Users/mathias/Sites/smscanada_php/www/app/views/products/view.ctp, line 81]
2011-09-16 21:02:55 Notice: Notice (8): Undefined variable: Products in [/Users/mathias/Sites/smscanada_php/www/app/views/products/view.ctp, line 12]
2011-09-16 21:02:55 Notice: Notice (8): Undefined variable: product in [/Users/mathias/Sites/smscanada_php/www/app/views/products/view.ctp, line 20]
2011-09-16 21:02:55 Notice: Notice (8): Undefined variable: product in [/Users/mathias/Sites/smscanada_php/www/app/views/products/view.ctp, line 25]
2011-09-16 21:02:55 Notice: Notice (8): Undefined variable: product in [/Users/mathias/Sites/smscanada_php/www/app/views/products/view.ctp, line 30]
2011-09-16 21:02:55 Notice: Notice (8): Undefined variable: product in [/Users/mathias/Sites/smscanada_php/www/app/views/products/view.ctp, line 35]
2011-09-16 21:02:55 Notice: Notice (8): Undefined variable: product in [/Users/mathias/Sites/smscanada_php/www/app/views/products/view.ctp, line 40]
2011-09-16 21:02:55 Notice: Notice (8): Undefined variable: product in [/Users/mathias/Sites/smscanada_php/www/app/views/products/view.ctp, line 45]
2011-09-16 21:02:55 Notice: Notice (8): Undefined variable: product in [/Users/mathias/Sites/smscanada_php/www/app/views/products/view.ctp, line 50]
2011-09-16 21:02:55 Notice: Notice (8): Undefined variable: product in [/Users/mathias/Sites/smscanada_php/www/app/views/products/view.ctp, line 55]
2011-09-16 21:02:55 Notice: Notice (8): Undefined variable: product in [/Users/mathias/Sites/smscanada_php/www/app/views/products/view.ctp, line 60]
2011-09-16 21:02:55 Notice: Notice (8): Undefined variable: product in [/Users/mathias/Sites/smscanada_php/www/app/views/products/view.ctp, line 66]
2011-09-16 21:02:55 Notice: Notice (8): Undefined variable: product in [/Users/mathias/Sites/smscanada_php/www/app/views/products/view.ctp, line 71]
2011-09-16 21:02:55 Notice: Notice (8): Undefined variable: product in [/Users/mathias/Sites/smscanada_php/www/app/views/products/view.ctp, line 76]
2011-09-16 21:02:55 Notice: Notice (8): Undefined variable: product in [/Users/mathias/Sites/smscanada_php/www/app/views/products/view.ctp, line 81]
2011-09-16 21:02:58 Notice: Notice (8): Undefined variable: Products in [/Users/mathias/Sites/smscanada_php/www/app/views/products/view.ctp, line 12]
2011-09-16 21:02:58 Notice: Notice (8): Undefined variable: product in [/Users/mathias/Sites/smscanada_php/www/app/views/products/view.ctp, line 20]
2011-09-16 21:02:58 Notice: Notice (8): Undefined variable: product in [/Users/mathias/Sites/smscanada_php/www/app/views/products/view.ctp, line 25]
2011-09-16 21:02:58 Notice: Notice (8): Undefined variable: product in [/Users/mathias/Sites/smscanada_php/www/app/views/products/view.ctp, line 30]
2011-09-16 21:02:58 Notice: Notice (8): Undefined variable: product in [/Users/mathias/Sites/smscanada_php/www/app/views/products/view.ctp, line 35]
2011-09-16 21:02:58 Notice: Notice (8): Undefined variable: product in [/Users/mathias/Sites/smscanada_php/www/app/views/products/view.ctp, line 40]
2011-09-16 21:02:58 Notice: Notice (8): Undefined variable: product in [/Users/mathias/Sites/smscanada_php/www/app/views/products/view.ctp, line 45]
2011-09-16 21:02:58 Notice: Notice (8): Undefined variable: product in [/Users/mathias/Sites/smscanada_php/www/app/views/products/view.ctp, line 50]
2011-09-16 21:02:58 Notice: Notice (8): Undefined variable: product in [/Users/mathias/Sites/smscanada_php/www/app/views/products/view.ctp, line 55]
2011-09-16 21:02:58 Notice: Notice (8): Undefined variable: product in [/Users/mathias/Sites/smscanada_php/www/app/views/products/view.ctp, line 60]
2011-09-16 21:02:58 Notice: Notice (8): Undefined variable: product in [/Users/mathias/Sites/smscanada_php/www/app/views/products/view.ctp, line 66]
2011-09-16 21:02:58 Notice: Notice (8): Undefined variable: product in [/Users/mathias/Sites/smscanada_php/www/app/views/products/view.ctp, line 71]
2011-09-16 21:02:58 Notice: Notice (8): Undefined variable: product in [/Users/mathias/Sites/smscanada_php/www/app/views/products/view.ctp, line 76]
2011-09-16 21:02:58 Notice: Notice (8): Undefined variable: product in [/Users/mathias/Sites/smscanada_php/www/app/views/products/view.ctp, line 81]
2011-09-16 21:03:00 Notice: Notice (8): Undefined variable: Products in [/Users/mathias/Sites/smscanada_php/www/app/views/products/view.ctp, line 12]
2011-09-16 21:03:00 Notice: Notice (8): Undefined variable: product in [/Users/mathias/Sites/smscanada_php/www/app/views/products/view.ctp, line 20]
2011-09-16 21:03:00 Notice: Notice (8): Undefined variable: product in [/Users/mathias/Sites/smscanada_php/www/app/views/products/view.ctp, line 25]
2011-09-16 21:03:00 Notice: Notice (8): Undefined variable: product in [/Users/mathias/Sites/smscanada_php/www/app/views/products/view.ctp, line 30]
2011-09-16 21:03:00 Notice: Notice (8): Undefined variable: product in [/Users/mathias/Sites/smscanada_php/www/app/views/products/view.ctp, line 35]
2011-09-16 21:03:00 Notice: Notice (8): Undefined variable: product in [/Users/mathias/Sites/smscanada_php/www/app/views/products/view.ctp, line 40]
2011-09-16 21:03:00 Notice: Notice (8): Undefined variable: product in [/Users/mathias/Sites/smscanada_php/www/app/views/products/view.ctp, line 45]
2011-09-16 21:03:00 Notice: Notice (8): Undefined variable: product in [/Users/mathias/Sites/smscanada_php/www/app/views/products/view.ctp, line 50]
2011-09-16 21:03:00 Notice: Notice (8): Undefined variable: product in [/Users/mathias/Sites/smscanada_php/www/app/views/products/view.ctp, line 55]
2011-09-16 21:03:00 Notice: Notice (8): Undefined variable: product in [/Users/mathias/Sites/smscanada_php/www/app/views/products/view.ctp, line 60]
2011-09-16 21:03:00 Notice: Notice (8): Undefined variable: product in [/Users/mathias/Sites/smscanada_php/www/app/views/products/view.ctp, line 66]
2011-09-16 21:03:00 Notice: Notice (8): Undefined variable: product in [/Users/mathias/Sites/smscanada_php/www/app/views/products/view.ctp, line 71]
2011-09-16 21:03:00 Notice: Notice (8): Undefined variable: product in [/Users/mathias/Sites/smscanada_php/www/app/views/products/view.ctp, line 76]
2011-09-16 21:03:00 Notice: Notice (8): Undefined variable: product in [/Users/mathias/Sites/smscanada_php/www/app/views/products/view.ctp, line 81]
2011-09-16 21:04:17 Notice: Notice (8): Undefined variable: Products in [/Users/mathias/Sites/smscanada_php/www/app/views/products/view.ctp, line 12]
2011-09-16 21:04:17 Notice: Notice (8): Undefined variable: product in [/Users/mathias/Sites/smscanada_php/www/app/views/products/view.ctp, line 20]
2011-09-16 21:04:17 Notice: Notice (8): Undefined variable: product in [/Users/mathias/Sites/smscanada_php/www/app/views/products/view.ctp, line 25]
2011-09-16 21:04:17 Notice: Notice (8): Undefined variable: product in [/Users/mathias/Sites/smscanada_php/www/app/views/products/view.ctp, line 30]
2011-09-16 21:04:17 Notice: Notice (8): Undefined variable: product in [/Users/mathias/Sites/smscanada_php/www/app/views/products/view.ctp, line 35]
2011-09-16 21:04:17 Notice: Notice (8): Undefined variable: product in [/Users/mathias/Sites/smscanada_php/www/app/views/products/view.ctp, line 40]
2011-09-16 21:04:17 Notice: Notice (8): Undefined variable: product in [/Users/mathias/Sites/smscanada_php/www/app/views/products/view.ctp, line 45]
2011-09-16 21:04:17 Notice: Notice (8): Undefined variable: product in [/Users/mathias/Sites/smscanada_php/www/app/views/products/view.ctp, line 50]
2011-09-16 21:04:17 Notice: Notice (8): Undefined variable: product in [/Users/mathias/Sites/smscanada_php/www/app/views/products/view.ctp, line 55]
2011-09-16 21:04:17 Notice: Notice (8): Undefined variable: product in [/Users/mathias/Sites/smscanada_php/www/app/views/products/view.ctp, line 60]
2011-09-16 21:04:17 Notice: Notice (8): Undefined variable: product in [/Users/mathias/Sites/smscanada_php/www/app/views/products/view.ctp, line 66]
2011-09-16 21:04:17 Notice: Notice (8): Undefined variable: product in [/Users/mathias/Sites/smscanada_php/www/app/views/products/view.ctp, line 71]
2011-09-16 21:04:17 Notice: Notice (8): Undefined variable: product in [/Users/mathias/Sites/smscanada_php/www/app/views/products/view.ctp, line 76]
2011-09-16 21:04:17 Notice: Notice (8): Undefined variable: product in [/Users/mathias/Sites/smscanada_php/www/app/views/products/view.ctp, line 81]
2011-09-16 21:04:20 Notice: Notice (8): Undefined variable: Products in [/Users/mathias/Sites/smscanada_php/www/app/views/products/view.ctp, line 12]
2011-09-16 21:04:20 Notice: Notice (8): Undefined variable: product in [/Users/mathias/Sites/smscanada_php/www/app/views/products/view.ctp, line 20]
2011-09-16 21:04:20 Notice: Notice (8): Undefined variable: product in [/Users/mathias/Sites/smscanada_php/www/app/views/products/view.ctp, line 25]
2011-09-16 21:04:20 Notice: Notice (8): Undefined variable: product in [/Users/mathias/Sites/smscanada_php/www/app/views/products/view.ctp, line 30]
2011-09-16 21:04:20 Notice: Notice (8): Undefined variable: product in [/Users/mathias/Sites/smscanada_php/www/app/views/products/view.ctp, line 35]
2011-09-16 21:04:20 Notice: Notice (8): Undefined variable: product in [/Users/mathias/Sites/smscanada_php/www/app/views/products/view.ctp, line 40]
2011-09-16 21:04:20 Notice: Notice (8): Undefined variable: product in [/Users/mathias/Sites/smscanada_php/www/app/views/products/view.ctp, line 45]
2011-09-16 21:04:20 Notice: Notice (8): Undefined variable: product in [/Users/mathias/Sites/smscanada_php/www/app/views/products/view.ctp, line 50]
2011-09-16 21:04:20 Notice: Notice (8): Undefined variable: product in [/Users/mathias/Sites/smscanada_php/www/app/views/products/view.ctp, line 55]
2011-09-16 21:04:20 Notice: Notice (8): Undefined variable: product in [/Users/mathias/Sites/smscanada_php/www/app/views/products/view.ctp, line 60]
2011-09-16 21:04:20 Notice: Notice (8): Undefined variable: product in [/Users/mathias/Sites/smscanada_php/www/app/views/products/view.ctp, line 66]
2011-09-16 21:04:20 Notice: Notice (8): Undefined variable: product in [/Users/mathias/Sites/smscanada_php/www/app/views/products/view.ctp, line 71]
2011-09-16 21:04:20 Notice: Notice (8): Undefined variable: product in [/Users/mathias/Sites/smscanada_php/www/app/views/products/view.ctp, line 76]
2011-09-16 21:04:20 Notice: Notice (8): Undefined variable: product in [/Users/mathias/Sites/smscanada_php/www/app/views/products/view.ctp, line 81]
2011-09-16 21:04:35 Notice: Notice (8): Undefined variable: Products in [/Users/mathias/Sites/smscanada_php/www/app/views/products/view.ctp, line 12]
2011-09-16 21:04:35 Notice: Notice (8): Undefined variable: product in [/Users/mathias/Sites/smscanada_php/www/app/views/products/view.ctp, line 20]
2011-09-16 21:04:35 Notice: Notice (8): Undefined variable: product in [/Users/mathias/Sites/smscanada_php/www/app/views/products/view.ctp, line 25]
2011-09-16 21:04:35 Notice: Notice (8): Undefined variable: product in [/Users/mathias/Sites/smscanada_php/www/app/views/products/view.ctp, line 30]
2011-09-16 21:04:35 Notice: Notice (8): Undefined variable: product in [/Users/mathias/Sites/smscanada_php/www/app/views/products/view.ctp, line 35]
2011-09-16 21:04:35 Notice: Notice (8): Undefined variable: product in [/Users/mathias/Sites/smscanada_php/www/app/views/products/view.ctp, line 40]
2011-09-16 21:04:35 Notice: Notice (8): Undefined variable: product in [/Users/mathias/Sites/smscanada_php/www/app/views/products/view.ctp, line 45]
2011-09-16 21:04:35 Notice: Notice (8): Undefined variable: product in [/Users/mathias/Sites/smscanada_php/www/app/views/products/view.ctp, line 50]
2011-09-16 21:04:35 Notice: Notice (8): Undefined variable: product in [/Users/mathias/Sites/smscanada_php/www/app/views/products/view.ctp, line 55]
2011-09-16 21:04:35 Notice: Notice (8): Undefined variable: product in [/Users/mathias/Sites/smscanada_php/www/app/views/products/view.ctp, line 60]
2011-09-16 21:04:35 Notice: Notice (8): Undefined variable: product in [/Users/mathias/Sites/smscanada_php/www/app/views/products/view.ctp, line 66]
2011-09-16 21:04:35 Notice: Notice (8): Undefined variable: product in [/Users/mathias/Sites/smscanada_php/www/app/views/products/view.ctp, line 71]
2011-09-16 21:04:35 Notice: Notice (8): Undefined variable: product in [/Users/mathias/Sites/smscanada_php/www/app/views/products/view.ctp, line 76]
2011-09-16 21:04:35 Notice: Notice (8): Undefined variable: product in [/Users/mathias/Sites/smscanada_php/www/app/views/products/view.ctp, line 81]
2011-09-16 21:06:13 Notice: Notice (8): Undefined variable: product in [/Users/mathias/Sites/smscanada_php/www/app/views/products/view.ctp, line 19]
2011-09-16 21:06:13 Notice: Notice (8): Undefined variable: product in [/Users/mathias/Sites/smscanada_php/www/app/views/products/view.ctp, line 24]
2011-09-16 21:06:13 Notice: Notice (8): Undefined variable: product in [/Users/mathias/Sites/smscanada_php/www/app/views/products/view.ctp, line 29]
2011-09-16 21:06:13 Notice: Notice (8): Undefined variable: product in [/Users/mathias/Sites/smscanada_php/www/app/views/products/view.ctp, line 34]
2011-09-16 21:06:13 Notice: Notice (8): Undefined variable: product in [/Users/mathias/Sites/smscanada_php/www/app/views/products/view.ctp, line 39]
2011-09-16 21:06:13 Notice: Notice (8): Undefined variable: product in [/Users/mathias/Sites/smscanada_php/www/app/views/products/view.ctp, line 44]
2011-09-16 21:06:13 Notice: Notice (8): Undefined variable: product in [/Users/mathias/Sites/smscanada_php/www/app/views/products/view.ctp, line 49]
2011-09-16 21:06:13 Notice: Notice (8): Undefined variable: product in [/Users/mathias/Sites/smscanada_php/www/app/views/products/view.ctp, line 54]
2011-09-16 21:06:13 Notice: Notice (8): Undefined variable: product in [/Users/mathias/Sites/smscanada_php/www/app/views/products/view.ctp, line 59]
2011-09-16 21:06:13 Notice: Notice (8): Undefined variable: product in [/Users/mathias/Sites/smscanada_php/www/app/views/products/view.ctp, line 65]
2011-09-16 21:06:13 Notice: Notice (8): Undefined variable: product in [/Users/mathias/Sites/smscanada_php/www/app/views/products/view.ctp, line 70]
2011-09-16 21:06:13 Notice: Notice (8): Undefined variable: product in [/Users/mathias/Sites/smscanada_php/www/app/views/products/view.ctp, line 75]
2011-09-16 21:06:13 Notice: Notice (8): Undefined variable: product in [/Users/mathias/Sites/smscanada_php/www/app/views/products/view.ctp, line 80]
2011-09-16 21:06:31 Notice: Notice (8): Undefined variable: Products in [/Users/mathias/Sites/smscanada_php/www/app/views/products/view.ctp, line 12]
2011-09-16 21:06:31 Notice: Notice (8): Undefined variable: Products in [/Users/mathias/Sites/smscanada_php/www/app/views/products/view.ctp, line 17]
2011-09-16 21:06:31 Notice: Notice (8): Undefined variable: product in [/Users/mathias/Sites/smscanada_php/www/app/views/products/view.ctp, line 25]
2011-09-16 21:06:31 Notice: Notice (8): Undefined variable: product in [/Users/mathias/Sites/smscanada_php/www/app/views/products/view.ctp, line 30]
2011-09-16 21:06:31 Notice: Notice (8): Undefined variable: product in [/Users/mathias/Sites/smscanada_php/www/app/views/products/view.ctp, line 35]
2011-09-16 21:06:31 Notice: Notice (8): Undefined variable: product in [/Users/mathias/Sites/smscanada_php/www/app/views/products/view.ctp, line 40]
2011-09-16 21:06:31 Notice: Notice (8): Undefined variable: product in [/Users/mathias/Sites/smscanada_php/www/app/views/products/view.ctp, line 45]
2011-09-16 21:06:31 Notice: Notice (8): Undefined variable: product in [/Users/mathias/Sites/smscanada_php/www/app/views/products/view.ctp, line 50]
2011-09-16 21:06:31 Notice: Notice (8): Undefined variable: product in [/Users/mathias/Sites/smscanada_php/www/app/views/products/view.ctp, line 55]
2011-09-16 21:06:31 Notice: Notice (8): Undefined variable: product in [/Users/mathias/Sites/smscanada_php/www/app/views/products/view.ctp, line 60]
2011-09-16 21:06:31 Notice: Notice (8): Undefined variable: product in [/Users/mathias/Sites/smscanada_php/www/app/views/products/view.ctp, line 65]
2011-09-16 21:06:31 Notice: Notice (8): Undefined variable: product in [/Users/mathias/Sites/smscanada_php/www/app/views/products/view.ctp, line 71]
2011-09-16 21:06:31 Notice: Notice (8): Undefined variable: product in [/Users/mathias/Sites/smscanada_php/www/app/views/products/view.ctp, line 76]
2011-09-16 21:06:31 Notice: Notice (8): Undefined variable: product in [/Users/mathias/Sites/smscanada_php/www/app/views/products/view.ctp, line 81]
2011-09-16 21:06:31 Notice: Notice (8): Undefined variable: product in [/Users/mathias/Sites/smscanada_php/www/app/views/products/view.ctp, line 86]
2011-09-16 21:07:26 Notice: Notice (8): Undefined variable: Products in [/Users/mathias/Sites/smscanada_php/www/app/views/products/view.ctp, line 12]
2011-09-16 21:07:26 Notice: Notice (8): Undefined variable: product in [/Users/mathias/Sites/smscanada_php/www/app/views/products/view.ctp, line 20]
2011-09-16 21:07:26 Notice: Notice (8): Undefined variable: product in [/Users/mathias/Sites/smscanada_php/www/app/views/products/view.ctp, line 25]
2011-09-16 21:07:26 Notice: Notice (8): Undefined variable: product in [/Users/mathias/Sites/smscanada_php/www/app/views/products/view.ctp, line 30]
2011-09-16 21:07:26 Notice: Notice (8): Undefined variable: product in [/Users/mathias/Sites/smscanada_php/www/app/views/products/view.ctp, line 35]
2011-09-16 21:07:26 Notice: Notice (8): Undefined variable: product in [/Users/mathias/Sites/smscanada_php/www/app/views/products/view.ctp, line 40]
2011-09-16 21:07:26 Notice: Notice (8): Undefined variable: product in [/Users/mathias/Sites/smscanada_php/www/app/views/products/view.ctp, line 45]
2011-09-16 21:07:26 Notice: Notice (8): Undefined variable: product in [/Users/mathias/Sites/smscanada_php/www/app/views/products/view.ctp, line 50]
2011-09-16 21:07:26 Notice: Notice (8): Undefined variable: product in [/Users/mathias/Sites/smscanada_php/www/app/views/products/view.ctp, line 55]
2011-09-16 21:07:26 Notice: Notice (8): Undefined variable: product in [/Users/mathias/Sites/smscanada_php/www/app/views/products/view.ctp, line 60]
2011-09-16 21:07:26 Notice: Notice (8): Undefined variable: product in [/Users/mathias/Sites/smscanada_php/www/app/views/products/view.ctp, line 66]
2011-09-16 21:07:26 Notice: Notice (8): Undefined variable: product in [/Users/mathias/Sites/smscanada_php/www/app/views/products/view.ctp, line 71]
2011-09-16 21:07:26 Notice: Notice (8): Undefined variable: product in [/Users/mathias/Sites/smscanada_php/www/app/views/products/view.ctp, line 76]
2011-09-16 21:07:26 Notice: Notice (8): Undefined variable: product in [/Users/mathias/Sites/smscanada_php/www/app/views/products/view.ctp, line 81]
2011-09-16 21:07:30 Notice: Notice (8): Undefined variable: product in [/Users/mathias/Sites/smscanada_php/www/app/views/products/view.ctp, line 19]
2011-09-16 21:07:30 Notice: Notice (8): Undefined variable: product in [/Users/mathias/Sites/smscanada_php/www/app/views/products/view.ctp, line 24]
2011-09-16 21:07:30 Notice: Notice (8): Undefined variable: product in [/Users/mathias/Sites/smscanada_php/www/app/views/products/view.ctp, line 29]
2011-09-16 21:07:30 Notice: Notice (8): Undefined variable: product in [/Users/mathias/Sites/smscanada_php/www/app/views/products/view.ctp, line 34]
2011-09-16 21:07:30 Notice: Notice (8): Undefined variable: product in [/Users/mathias/Sites/smscanada_php/www/app/views/products/view.ctp, line 39]
2011-09-16 21:07:30 Notice: Notice (8): Undefined variable: product in [/Users/mathias/Sites/smscanada_php/www/app/views/products/view.ctp, line 44]
2011-09-16 21:07:30 Notice: Notice (8): Undefined variable: product in [/Users/mathias/Sites/smscanada_php/www/app/views/products/view.ctp, line 49]
2011-09-16 21:07:30 Notice: Notice (8): Undefined variable: product in [/Users/mathias/Sites/smscanada_php/www/app/views/products/view.ctp, line 54]
2011-09-16 21:07:30 Notice: Notice (8): Undefined variable: product in [/Users/mathias/Sites/smscanada_php/www/app/views/products/view.ctp, line 59]
2011-09-16 21:07:30 Notice: Notice (8): Undefined variable: product in [/Users/mathias/Sites/smscanada_php/www/app/views/products/view.ctp, line 65]
2011-09-16 21:07:30 Notice: Notice (8): Undefined variable: product in [/Users/mathias/Sites/smscanada_php/www/app/views/products/view.ctp, line 70]
2011-09-16 21:07:30 Notice: Notice (8): Undefined variable: product in [/Users/mathias/Sites/smscanada_php/www/app/views/products/view.ctp, line 75]
2011-09-16 21:07:30 Notice: Notice (8): Undefined variable: product in [/Users/mathias/Sites/smscanada_php/www/app/views/products/view.ctp, line 80]
2011-09-16 21:07:35 Notice: Notice (8): Undefined variable: product in [/Users/mathias/Sites/smscanada_php/www/app/views/products/view.ctp, line 19]
2011-09-16 21:07:35 Notice: Notice (8): Undefined variable: product in [/Users/mathias/Sites/smscanada_php/www/app/views/products/view.ctp, line 24]
2011-09-16 21:07:35 Notice: Notice (8): Undefined variable: product in [/Users/mathias/Sites/smscanada_php/www/app/views/products/view.ctp, line 29]
2011-09-16 21:07:35 Notice: Notice (8): Undefined variable: product in [/Users/mathias/Sites/smscanada_php/www/app/views/products/view.ctp, line 34]
2011-09-16 21:07:35 Notice: Notice (8): Undefined variable: product in [/Users/mathias/Sites/smscanada_php/www/app/views/products/view.ctp, line 39]
2011-09-16 21:07:35 Notice: Notice (8): Undefined variable: product in [/Users/mathias/Sites/smscanada_php/www/app/views/products/view.ctp, line 44]
2011-09-16 21:07:35 Notice: Notice (8): Undefined variable: product in [/Users/mathias/Sites/smscanada_php/www/app/views/products/view.ctp, line 49]
2011-09-16 21:07:35 Notice: Notice (8): Undefined variable: product in [/Users/mathias/Sites/smscanada_php/www/app/views/products/view.ctp, line 54]
2011-09-16 21:07:35 Notice: Notice (8): Undefined variable: product in [/Users/mathias/Sites/smscanada_php/www/app/views/products/view.ctp, line 59]
2011-09-16 21:07:35 Notice: Notice (8): Undefined variable: product in [/Users/mathias/Sites/smscanada_php/www/app/views/products/view.ctp, line 65]
2011-09-16 21:07:35 Notice: Notice (8): Undefined variable: product in [/Users/mathias/Sites/smscanada_php/www/app/views/products/view.ctp, line 70]
2011-09-16 21:07:35 Notice: Notice (8): Undefined variable: product in [/Users/mathias/Sites/smscanada_php/www/app/views/products/view.ctp, line 75]
2011-09-16 21:07:35 Notice: Notice (8): Undefined variable: product in [/Users/mathias/Sites/smscanada_php/www/app/views/products/view.ctp, line 80]
2011-09-16 21:09:11 Notice: Notice (8): Undefined variable: product in [/Users/mathias/Sites/smscanada_php/www/app/views/products/view.ctp, line 19]
2011-09-16 21:09:11 Notice: Notice (8): Undefined variable: product in [/Users/mathias/Sites/smscanada_php/www/app/views/products/view.ctp, line 24]
2011-09-16 21:09:11 Notice: Notice (8): Undefined variable: product in [/Users/mathias/Sites/smscanada_php/www/app/views/products/view.ctp, line 29]
2011-09-16 21:09:11 Notice: Notice (8): Undefined variable: product in [/Users/mathias/Sites/smscanada_php/www/app/views/products/view.ctp, line 34]
2011-09-16 21:09:11 Notice: Notice (8): Undefined variable: product in [/Users/mathias/Sites/smscanada_php/www/app/views/products/view.ctp, line 39]
2011-09-16 21:09:11 Notice: Notice (8): Undefined variable: product in [/Users/mathias/Sites/smscanada_php/www/app/views/products/view.ctp, line 44]
2011-09-16 21:09:11 Notice: Notice (8): Undefined variable: product in [/Users/mathias/Sites/smscanada_php/www/app/views/products/view.ctp, line 49]
2011-09-16 21:09:11 Notice: Notice (8): Undefined variable: product in [/Users/mathias/Sites/smscanada_php/www/app/views/products/view.ctp, line 54]
2011-09-16 21:09:11 Notice: Notice (8): Undefined variable: product in [/Users/mathias/Sites/smscanada_php/www/app/views/products/view.ctp, line 59]
2011-09-16 21:09:11 Notice: Notice (8): Undefined variable: product in [/Users/mathias/Sites/smscanada_php/www/app/views/products/view.ctp, line 65]
2011-09-16 21:09:11 Notice: Notice (8): Undefined variable: product in [/Users/mathias/Sites/smscanada_php/www/app/views/products/view.ctp, line 70]
2011-09-16 21:09:11 Notice: Notice (8): Undefined variable: product in [/Users/mathias/Sites/smscanada_php/www/app/views/products/view.ctp, line 75]
2011-09-16 21:09:11 Notice: Notice (8): Undefined variable: product in [/Users/mathias/Sites/smscanada_php/www/app/views/products/view.ctp, line 80]
2011-09-16 21:09:18 Notice: Notice (8): Undefined variable: product in [/Users/mathias/Sites/smscanada_php/www/app/views/products/view.ctp, line 19]
2011-09-16 21:09:18 Notice: Notice (8): Undefined variable: product in [/Users/mathias/Sites/smscanada_php/www/app/views/products/view.ctp, line 24]
2011-09-16 21:09:18 Notice: Notice (8): Undefined variable: product in [/Users/mathias/Sites/smscanada_php/www/app/views/products/view.ctp, line 29]
2011-09-16 21:09:18 Notice: Notice (8): Undefined variable: product in [/Users/mathias/Sites/smscanada_php/www/app/views/products/view.ctp, line 34]
2011-09-16 21:09:18 Notice: Notice (8): Undefined variable: product in [/Users/mathias/Sites/smscanada_php/www/app/views/products/view.ctp, line 39]
2011-09-16 21:09:18 Notice: Notice (8): Undefined variable: product in [/Users/mathias/Sites/smscanada_php/www/app/views/products/view.ctp, line 44]
2011-09-16 21:09:18 Notice: Notice (8): Undefined variable: product in [/Users/mathias/Sites/smscanada_php/www/app/views/products/view.ctp, line 49]
2011-09-16 21:09:18 Notice: Notice (8): Undefined variable: product in [/Users/mathias/Sites/smscanada_php/www/app/views/products/view.ctp, line 54]
2011-09-16 21:09:18 Notice: Notice (8): Undefined variable: product in [/Users/mathias/Sites/smscanada_php/www/app/views/products/view.ctp, line 59]
2011-09-16 21:09:18 Notice: Notice (8): Undefined variable: product in [/Users/mathias/Sites/smscanada_php/www/app/views/products/view.ctp, line 65]
2011-09-16 21:09:18 Notice: Notice (8): Undefined variable: product in [/Users/mathias/Sites/smscanada_php/www/app/views/products/view.ctp, line 70]
2011-09-16 21:09:18 Notice: Notice (8): Undefined variable: product in [/Users/mathias/Sites/smscanada_php/www/app/views/products/view.ctp, line 75]
2011-09-16 21:09:18 Notice: Notice (8): Undefined variable: product in [/Users/mathias/Sites/smscanada_php/www/app/views/products/view.ctp, line 80]
2011-09-16 21:09:27 Notice: Notice (8): Undefined variable: product in [/Users/mathias/Sites/smscanada_php/www/app/views/products/view.ctp, line 19]
2011-09-16 21:09:27 Notice: Notice (8): Undefined variable: product in [/Users/mathias/Sites/smscanada_php/www/app/views/products/view.ctp, line 24]
2011-09-16 21:09:27 Notice: Notice (8): Undefined variable: product in [/Users/mathias/Sites/smscanada_php/www/app/views/products/view.ctp, line 29]
2011-09-16 21:09:27 Notice: Notice (8): Undefined variable: product in [/Users/mathias/Sites/smscanada_php/www/app/views/products/view.ctp, line 34]
2011-09-16 21:09:27 Notice: Notice (8): Undefined variable: product in [/Users/mathias/Sites/smscanada_php/www/app/views/products/view.ctp, line 39]
2011-09-16 21:09:27 Notice: Notice (8): Undefined variable: product in [/Users/mathias/Sites/smscanada_php/www/app/views/products/view.ctp, line 44]
2011-09-16 21:09:27 Notice: Notice (8): Undefined variable: product in [/Users/mathias/Sites/smscanada_php/www/app/views/products/view.ctp, line 49]
2011-09-16 21:09:27 Notice: Notice (8): Undefined variable: product in [/Users/mathias/Sites/smscanada_php/www/app/views/products/view.ctp, line 54]
2011-09-16 21:09:27 Notice: Notice (8): Undefined variable: product in [/Users/mathias/Sites/smscanada_php/www/app/views/products/view.ctp, line 59]
2011-09-16 21:09:27 Notice: Notice (8): Undefined variable: product in [/Users/mathias/Sites/smscanada_php/www/app/views/products/view.ctp, line 65]
2011-09-16 21:09:27 Notice: Notice (8): Undefined variable: product in [/Users/mathias/Sites/smscanada_php/www/app/views/products/view.ctp, line 70]
2011-09-16 21:09:27 Notice: Notice (8): Undefined variable: product in [/Users/mathias/Sites/smscanada_php/www/app/views/products/view.ctp, line 75]
2011-09-16 21:09:27 Notice: Notice (8): Undefined variable: product in [/Users/mathias/Sites/smscanada_php/www/app/views/products/view.ctp, line 80]
2011-09-16 21:09:37 Notice: Notice (8): Undefined variable: product in [/Users/mathias/Sites/smscanada_php/www/app/views/products/view.ctp, line 19]
2011-09-16 21:09:37 Notice: Notice (8): Undefined variable: product in [/Users/mathias/Sites/smscanada_php/www/app/views/products/view.ctp, line 24]
2011-09-16 21:09:37 Notice: Notice (8): Undefined variable: product in [/Users/mathias/Sites/smscanada_php/www/app/views/products/view.ctp, line 29]
2011-09-16 21:09:37 Notice: Notice (8): Undefined variable: product in [/Users/mathias/Sites/smscanada_php/www/app/views/products/view.ctp, line 34]
2011-09-16 21:09:37 Notice: Notice (8): Undefined variable: product in [/Users/mathias/Sites/smscanada_php/www/app/views/products/view.ctp, line 39]
2011-09-16 21:09:37 Notice: Notice (8): Undefined variable: product in [/Users/mathias/Sites/smscanada_php/www/app/views/products/view.ctp, line 44]
2011-09-16 21:09:37 Notice: Notice (8): Undefined variable: product in [/Users/mathias/Sites/smscanada_php/www/app/views/products/view.ctp, line 49]
2011-09-16 21:09:37 Notice: Notice (8): Undefined variable: product in [/Users/mathias/Sites/smscanada_php/www/app/views/products/view.ctp, line 54]
2011-09-16 21:09:37 Notice: Notice (8): Undefined variable: product in [/Users/mathias/Sites/smscanada_php/www/app/views/products/view.ctp, line 59]
2011-09-16 21:09:37 Notice: Notice (8): Undefined variable: product in [/Users/mathias/Sites/smscanada_php/www/app/views/products/view.ctp, line 65]
2011-09-16 21:09:37 Notice: Notice (8): Undefined variable: product in [/Users/mathias/Sites/smscanada_php/www/app/views/products/view.ctp, line 70]
2011-09-16 21:09:37 Notice: Notice (8): Undefined variable: product in [/Users/mathias/Sites/smscanada_php/www/app/views/products/view.ctp, line 75]
2011-09-16 21:09:37 Notice: Notice (8): Undefined variable: product in [/Users/mathias/Sites/smscanada_php/www/app/views/products/view.ctp, line 80]
2011-09-16 21:11:04 Notice: Notice (8): Undefined variable: product in [/Users/mathias/Sites/smscanada_php/www/app/views/products/view.ctp, line 23]
2011-09-16 21:11:04 Notice: Notice (8): Undefined variable: product in [/Users/mathias/Sites/smscanada_php/www/app/views/products/view.ctp, line 28]
2011-09-16 21:11:04 Notice: Notice (8): Undefined variable: product in [/Users/mathias/Sites/smscanada_php/www/app/views/products/view.ctp, line 33]
2011-09-16 21:11:04 Notice: Notice (8): Undefined variable: product in [/Users/mathias/Sites/smscanada_php/www/app/views/products/view.ctp, line 38]
2011-09-16 21:11:04 Notice: Notice (8): Undefined variable: product in [/Users/mathias/Sites/smscanada_php/www/app/views/products/view.ctp, line 43]
2011-09-16 21:11:04 Notice: Notice (8): Undefined variable: product in [/Users/mathias/Sites/smscanada_php/www/app/views/products/view.ctp, line 48]
2011-09-16 21:11:04 Notice: Notice (8): Undefined variable: product in [/Users/mathias/Sites/smscanada_php/www/app/views/products/view.ctp, line 53]
2011-09-16 21:11:04 Notice: Notice (8): Undefined variable: product in [/Users/mathias/Sites/smscanada_php/www/app/views/products/view.ctp, line 58]
2011-09-16 21:11:04 Notice: Notice (8): Undefined variable: product in [/Users/mathias/Sites/smscanada_php/www/app/views/products/view.ctp, line 63]
2011-09-16 21:11:04 Notice: Notice (8): Undefined variable: product in [/Users/mathias/Sites/smscanada_php/www/app/views/products/view.ctp, line 69]
2011-09-16 21:11:04 Notice: Notice (8): Undefined variable: product in [/Users/mathias/Sites/smscanada_php/www/app/views/products/view.ctp, line 74]
2011-09-16 21:11:04 Notice: Notice (8): Undefined variable: product in [/Users/mathias/Sites/smscanada_php/www/app/views/products/view.ctp, line 79]
2011-09-16 21:11:04 Notice: Notice (8): Undefined variable: product in [/Users/mathias/Sites/smscanada_php/www/app/views/products/view.ctp, line 84]
2011-09-16 21:12:10 Notice: Notice (8): Undefined variable: mydata in [/Users/mathias/Sites/smscanada_php/www/app/views/products/view.ctp, line 14]
2011-09-16 21:12:10 Notice: Notice (8): Undefined variable: product in [/Users/mathias/Sites/smscanada_php/www/app/views/products/view.ctp, line 23]
2011-09-16 21:12:10 Notice: Notice (8): Undefined variable: product in [/Users/mathias/Sites/smscanada_php/www/app/views/products/view.ctp, line 28]
2011-09-16 21:12:10 Notice: Notice (8): Undefined variable: product in [/Users/mathias/Sites/smscanada_php/www/app/views/products/view.ctp, line 33]
2011-09-16 21:12:10 Notice: Notice (8): Undefined variable: product in [/Users/mathias/Sites/smscanada_php/www/app/views/products/view.ctp, line 38]
2011-09-16 21:12:10 Notice: Notice (8): Undefined variable: product in [/Users/mathias/Sites/smscanada_php/www/app/views/products/view.ctp, line 43]
2011-09-16 21:12:10 Notice: Notice (8): Undefined variable: product in [/Users/mathias/Sites/smscanada_php/www/app/views/products/view.ctp, line 48]
2011-09-16 21:12:10 Notice: Notice (8): Undefined variable: product in [/Users/mathias/Sites/smscanada_php/www/app/views/products/view.ctp, line 53]
2011-09-16 21:12:10 Notice: Notice (8): Undefined variable: product in [/Users/mathias/Sites/smscanada_php/www/app/views/products/view.ctp, line 58]
2011-09-16 21:12:10 Notice: Notice (8): Undefined variable: product in [/Users/mathias/Sites/smscanada_php/www/app/views/products/view.ctp, line 63]
2011-09-16 21:12:10 Notice: Notice (8): Undefined variable: product in [/Users/mathias/Sites/smscanada_php/www/app/views/products/view.ctp, line 69]
2011-09-16 21:12:10 Notice: Notice (8): Undefined variable: product in [/Users/mathias/Sites/smscanada_php/www/app/views/products/view.ctp, line 74]
2011-09-16 21:12:10 Notice: Notice (8): Undefined variable: product in [/Users/mathias/Sites/smscanada_php/www/app/views/products/view.ctp, line 79]
2011-09-16 21:12:10 Notice: Notice (8): Undefined variable: product in [/Users/mathias/Sites/smscanada_php/www/app/views/products/view.ctp, line 84]
2011-09-16 21:12:19 Notice: Notice (8): Undefined variable: mydata in [/Users/mathias/Sites/smscanada_php/www/app/views/products/view.ctp, line 14]
2011-09-16 21:12:19 Notice: Notice (8): Undefined variable: product in [/Users/mathias/Sites/smscanada_php/www/app/views/products/view.ctp, line 23]
2011-09-16 21:12:19 Notice: Notice (8): Undefined variable: product in [/Users/mathias/Sites/smscanada_php/www/app/views/products/view.ctp, line 28]
2011-09-16 21:12:19 Notice: Notice (8): Undefined variable: product in [/Users/mathias/Sites/smscanada_php/www/app/views/products/view.ctp, line 33]
2011-09-16 21:12:19 Notice: Notice (8): Undefined variable: product in [/Users/mathias/Sites/smscanada_php/www/app/views/products/view.ctp, line 38]
2011-09-16 21:12:19 Notice: Notice (8): Undefined variable: product in [/Users/mathias/Sites/smscanada_php/www/app/views/products/view.ctp, line 43]
2011-09-16 21:12:19 Notice: Notice (8): Undefined variable: product in [/Users/mathias/Sites/smscanada_php/www/app/views/products/view.ctp, line 48]
2011-09-16 21:12:19 Notice: Notice (8): Undefined variable: product in [/Users/mathias/Sites/smscanada_php/www/app/views/products/view.ctp, line 53]
2011-09-16 21:12:19 Notice: Notice (8): Undefined variable: product in [/Users/mathias/Sites/smscanada_php/www/app/views/products/view.ctp, line 58]
2011-09-16 21:12:19 Notice: Notice (8): Undefined variable: product in [/Users/mathias/Sites/smscanada_php/www/app/views/products/view.ctp, line 63]
2011-09-16 21:12:19 Notice: Notice (8): Undefined variable: product in [/Users/mathias/Sites/smscanada_php/www/app/views/products/view.ctp, line 69]
2011-09-16 21:12:19 Notice: Notice (8): Undefined variable: product in [/Users/mathias/Sites/smscanada_php/www/app/views/products/view.ctp, line 74]
2011-09-16 21:12:19 Notice: Notice (8): Undefined variable: product in [/Users/mathias/Sites/smscanada_php/www/app/views/products/view.ctp, line 79]
2011-09-16 21:12:19 Notice: Notice (8): Undefined variable: product in [/Users/mathias/Sites/smscanada_php/www/app/views/products/view.ctp, line 84]
2011-09-16 21:15:41 Notice: Notice (8): Undefined variable: mydata in [/Users/mathias/Sites/smscanada_php/www/app/views/products/view.ctp, line 14]
2011-09-16 21:15:41 Notice: Notice (8): Undefined variable: product in [/Users/mathias/Sites/smscanada_php/www/app/views/products/view.ctp, line 23]
2011-09-16 21:15:41 Notice: Notice (8): Undefined variable: product in [/Users/mathias/Sites/smscanada_php/www/app/views/products/view.ctp, line 28]
2011-09-16 21:15:41 Notice: Notice (8): Undefined variable: product in [/Users/mathias/Sites/smscanada_php/www/app/views/products/view.ctp, line 33]
2011-09-16 21:15:41 Notice: Notice (8): Undefined variable: product in [/Users/mathias/Sites/smscanada_php/www/app/views/products/view.ctp, line 38]
2011-09-16 21:15:41 Notice: Notice (8): Undefined variable: product in [/Users/mathias/Sites/smscanada_php/www/app/views/products/view.ctp, line 43]
2011-09-16 21:15:41 Notice: Notice (8): Undefined variable: product in [/Users/mathias/Sites/smscanada_php/www/app/views/products/view.ctp, line 48]
2011-09-16 21:15:41 Notice: Notice (8): Undefined variable: product in [/Users/mathias/Sites/smscanada_php/www/app/views/products/view.ctp, line 53]
2011-09-16 21:15:41 Notice: Notice (8): Undefined variable: product in [/Users/mathias/Sites/smscanada_php/www/app/views/products/view.ctp, line 58]
2011-09-16 21:15:41 Notice: Notice (8): Undefined variable: product in [/Users/mathias/Sites/smscanada_php/www/app/views/products/view.ctp, line 63]
2011-09-16 21:15:41 Notice: Notice (8): Undefined variable: product in [/Users/mathias/Sites/smscanada_php/www/app/views/products/view.ctp, line 69]
2011-09-16 21:15:41 Notice: Notice (8): Undefined variable: product in [/Users/mathias/Sites/smscanada_php/www/app/views/products/view.ctp, line 74]
2011-09-16 21:15:41 Notice: Notice (8): Undefined variable: product in [/Users/mathias/Sites/smscanada_php/www/app/views/products/view.ctp, line 79]
2011-09-16 21:15:41 Notice: Notice (8): Undefined variable: product in [/Users/mathias/Sites/smscanada_php/www/app/views/products/view.ctp, line 84]
2011-09-16 21:27:15 Notice: Notice (8): Undefined variable: language in [/Users/mathias/Sites/smscanada_php/www/app/views/products/view.ctp, line 16]
2011-09-16 21:28:29 Notice: Notice (8): Undefined property: SessionHelper::$langue in [/Users/mathias/Sites/smscanada_php/www/app/views/products/view.ctp, line 15]
2011-09-16 21:28:40 Notice: Notice (8): Undefined property: SessionHelper::$langue in [/Users/mathias/Sites/smscanada_php/www/app/views/products/view.ctp, line 15]
2011-09-16 21:29:02 Notice: Notice (8): Undefined property: SessionHelper::$langue in [/Users/mathias/Sites/smscanada_php/www/app/views/products/view.ctp, line 15]
2011-09-16 21:29:55 Notice: Notice (8): Undefined index: price in [/Users/mathias/Sites/smscanada_php/www/app/views/products/view.ctp, line 23]
2011-09-16 21:33:21 Notice: Notice (8): Undefined index: price in [/Users/mathias/Sites/smscanada_php/www/app/views/products/view.ctp, line 23]
2011-09-16 21:34:42 Notice: Notice (8): Undefined variable: user in [/Users/mathias/Sites/smscanada_php/www/app/views/products/view.ctp, line 24]
2011-09-16 23:00:43 Notice: Notice (8): Undefined property: View::$Html in [/Users/mathias/Sites/SMS-Can-/www/app/views/layouts/default.ctp, line 37]
