2011-06-16 22:51:51 Error: Fatal Error (256): Unable to load DataSource file dbo/dbo_sqlite3.php in [/Applications/MAMP/htdocs/smscanada/www/cake/libs/model/connection_manager.php, line 189]
2011-06-19 15:01:09 Warning: Warning (512): <span style = "color:Red;text-align:left"><b>SQL Error:</b> 1054: Unknown column 'Category.product_id' in 'on clause'</span> in [/Applications/MAMP/htdocs/smscanada/www/cake/libs/model/datasources/dbo_source.php, line 549]
2011-06-19 15:07:21 Warning: Warning (512): <span style = "color:Red;text-align:left"><b>SQL Error:</b> 1054: Unknown column 'Category.product_id' in 'on clause'</span> in [/Applications/MAMP/htdocs/smscanada/www/cake/libs/model/datasources/dbo_source.php, line 549]
2011-06-19 15:10:24 Warning: Warning (512): <span style = "color:Red;text-align:left"><b>SQL Error:</b> 1054: Unknown column 'Category.product_id' in 'on clause'</span> in [/Applications/MAMP/htdocs/smscanada/www/cake/libs/model/datasources/dbo_source.php, line 549]
2011-06-19 15:16:47 Warning: Warning (512): <span style = "color:Red;text-align:left"><b>SQL Error:</b> 1054: Unknown column 'Category.product_id' in 'on clause'</span> in [/Applications/MAMP/htdocs/smscanada/www/cake/libs/model/datasources/dbo_source.php, line 549]
2011-06-19 16:28:30 Warning: Warning (512): Method FormHelper::labelTag does not exist in [/Applications/MAMP/htdocs/smscanada/www/cake/libs/view/helper.php, line 161]
2011-06-19 16:29:34 Warning: Warning (512): Method FormHelper::labelTag does not exist in [/Applications/MAMP/htdocs/smscanada/www/cake/libs/view/helper.php, line 161]
2011-06-19 16:29:34 Warning: Warning (512): Method HtmlHelper::input does not exist in [/Applications/MAMP/htdocs/smscanada/www/cake/libs/view/helper.php, line 161]
2011-06-19 16:29:34 Warning: Warning (512): Method HtmlHelper::password does not exist in [/Applications/MAMP/htdocs/smscanada/www/cake/libs/view/helper.php, line 161]
2011-06-19 16:29:34 Warning: Warning (512): Method HtmlHelper::submit does not exist in [/Applications/MAMP/htdocs/smscanada/www/cake/libs/view/helper.php, line 161]
2011-06-19 16:29:39 Warning: Warning (512): Method HtmlHelper::input does not exist in [/Applications/MAMP/htdocs/smscanada/www/cake/libs/view/helper.php, line 161]
2011-06-19 16:29:39 Warning: Warning (512): Method HtmlHelper::password does not exist in [/Applications/MAMP/htdocs/smscanada/www/cake/libs/view/helper.php, line 161]
2011-06-19 16:29:39 Warning: Warning (512): Method HtmlHelper::submit does not exist in [/Applications/MAMP/htdocs/smscanada/www/cake/libs/view/helper.php, line 161]
2011-06-19 20:03:07 Warning: Warning (512): <span style = "color:Red;text-align:left"><b>SQL Error:</b> 1054: Unknown column 'Product.category' in 'where clause'</span> in [/Applications/MAMP/htdocs/smscanada/www/cake/libs/model/datasources/dbo_source.php, line 549]
2011-06-19 20:04:04 Warning: Warning (512): <span style = "color:Red;text-align:left"><b>SQL Error:</b> 1054: Unknown column 'Product.category' in 'where clause'</span> in [/Applications/MAMP/htdocs/smscanada/www/cake/libs/model/datasources/dbo_source.php, line 549]
2011-06-19 20:04:22 Warning: Warning (512): <span style = "color:Red;text-align:left"><b>SQL Error:</b> 1054: Unknown column 'Product.category_i_d' in 'where clause'</span> in [/Applications/MAMP/htdocs/smscanada/www/cake/libs/model/datasources/dbo_source.php, line 549]
2011-06-19 20:07:47 Warning: Warning (2): Invalid argument supplied for foreach() in [/Applications/MAMP/htdocs/smscanada/www/app/views/products/showlist.ctp, line 9]
2011-06-19 20:08:03 Warning: Warning (2): Invalid argument supplied for foreach() in [/Applications/MAMP/htdocs/smscanada/www/app/views/products/showlist.ctp, line 6]
2011-06-19 20:08:18 Warning: Warning (2): Invalid argument supplied for foreach() in [/Applications/MAMP/htdocs/smscanada/www/app/views/products/showlist.ctp, line 6]
2011-06-19 20:08:24 Warning: Warning (2): Invalid argument supplied for foreach() in [/Applications/MAMP/htdocs/smscanada/www/app/views/products/showlist.ctp, line 6]
2011-06-19 20:09:03 Warning: Warning (2): Invalid argument supplied for foreach() in [/Applications/MAMP/htdocs/smscanada/www/app/views/products/showlist.ctp, line 6]
2011-06-19 20:09:14 Warning: Warning (2): Invalid argument supplied for foreach() in [/Applications/MAMP/htdocs/smscanada/www/app/views/products/showlist.ctp, line 7]
2011-06-19 20:09:19 Warning: Warning (2): Invalid argument supplied for foreach() in [/Applications/MAMP/htdocs/smscanada/www/app/views/products/showlist.ctp, line 7]
2011-06-19 20:19:32 Warning: Warning (2): Invalid argument supplied for foreach() in [/Applications/MAMP/htdocs/smscanada/www/app/views/products/showlist.ctp, line 9]
2011-06-19 20:19:53 Warning: Warning (2): Invalid argument supplied for foreach() in [/Applications/MAMP/htdocs/smscanada/www/app/views/products/showlist.ctp, line 9]
2011-06-19 20:20:07 Warning: Warning (2): Invalid argument supplied for foreach() in [/Applications/MAMP/htdocs/smscanada/www/app/views/products/showlist.ctp, line 9]
2011-06-19 20:30:29 Warning: Warning (512): <span style = "color:Red;text-align:left"><b>SQL Error:</b> 1054: Unknown column 'Product.manufacturer_id' in 'on clause'</span> in [/Applications/MAMP/htdocs/smscanada/www/cake/libs/model/datasources/dbo_source.php, line 549]
2011-06-19 20:30:29 Warning: Warning (2): Invalid argument supplied for foreach() in [/Applications/MAMP/htdocs/smscanada/www/app/views/products/showlist.ctp, line 10]
2011-06-19 22:14:19 Warning: Warning (2): Invalid argument supplied for foreach() in [/Applications/MAMP/htdocs/smscanada/www/app/views/elements/categories.ctp, line 11]
2011-06-19 22:14:54 Warning: Warning (2): Invalid argument supplied for foreach() in [/Applications/MAMP/htdocs/smscanada/www/app/views/elements/categories.ctp, line 12]
2011-06-19 22:14:56 Warning: Warning (2): Invalid argument supplied for foreach() in [/Applications/MAMP/htdocs/smscanada/www/app/views/elements/categories.ctp, line 12]
2011-06-19 22:15:01 Warning: Warning (2): Invalid argument supplied for foreach() in [/Applications/MAMP/htdocs/smscanada/www/app/views/elements/categories.ctp, line 12]
2011-06-19 22:19:00 Warning: Warning (2): Invalid argument supplied for foreach() in [/Applications/MAMP/htdocs/smscanada/www/app/views/elements/categories.ctp, line 12]
2011-06-19 22:19:35 Warning: Warning (2): Invalid argument supplied for foreach() in [/Applications/MAMP/htdocs/smscanada/www/app/views/elements/categories.ctp, line 12]
2011-06-19 22:19:55 Warning: Warning (2): Invalid argument supplied for foreach() in [/Applications/MAMP/htdocs/smscanada/www/app/views/elements/categories.ctp, line 12]
2011-06-19 22:20:04 Warning: Warning (2): Invalid argument supplied for foreach() in [/Applications/MAMP/htdocs/smscanada/www/app/views/elements/categories.ctp, line 12]
2011-06-19 22:20:09 Warning: Warning (2): Invalid argument supplied for foreach() in [/Applications/MAMP/htdocs/smscanada/www/app/views/elements/categories.ctp, line 12]
2011-08-23 22:52:06 Warning: Warning (2): Cannot modify header information - headers already sent by (output started at /Applications/MAMP/htdocs/smscanada/www/app/controllers/products_controller.php:50) in [/Applications/MAMP/htdocs/smscanada/www/cake/libs/controller/controller.php, line 691]
2011-08-23 22:52:14 Warning: Warning (2): Cannot modify header information - headers already sent by (output started at /Applications/MAMP/htdocs/smscanada/www/app/controllers/products_controller.php:50) in [/Applications/MAMP/htdocs/smscanada/www/cake/libs/controller/controller.php, line 691]
2011-08-23 22:52:37 Warning: Warning (2): Cannot modify header information - headers already sent by (output started at /Applications/MAMP/htdocs/smscanada/www/app/controllers/products_controller.php:50) in [/Applications/MAMP/htdocs/smscanada/www/cake/libs/controller/controller.php, line 691]
2011-08-23 22:52:42 Warning: Warning (2): Missing argument 1 for ProductsController::add(), called in /Applications/MAMP/htdocs/smscanada/www/cake/libs/object.php on line 123 and defined in [/Applications/MAMP/htdocs/smscanada/www/app/controllers/products_controller.php, line 42]
2011-08-23 22:52:59 Warning: Warning (2): Missing argument 1 for ProductsController::add(), called in /Applications/MAMP/htdocs/smscanada/www/cake/libs/object.php on line 123 and defined in [/Applications/MAMP/htdocs/smscanada/www/app/controllers/products_controller.php, line 42]
2011-08-23 23:08:45 Warning: Warning (512): <span style = "color:Red;text-align:left"><b>SQL Error:</b> 1064: You have an error in your SQL syntax; check the manual that corresponds to your MySQL server version for the right syntax to use near 'valiates' at line 1</span> in [/Applications/MAMP/htdocs/smscanada/www/cake/libs/model/datasources/dbo_source.php, line 549]
2011-08-23 23:08:45 Warning: Warning (2): Cannot modify header information - headers already sent by (output started at /Applications/MAMP/htdocs/smscanada/www/cake/libs/debugger.php:671) in [/Applications/MAMP/htdocs/smscanada/www/cake/libs/controller/controller.php, line 691]
